<?xml version="1.0" encoding="UTF-8"?>
<!-- Generated by org.testng.reporters.JUnitReportReporter -->
<testsuite hostname="LAPTOP-6NCFE75A" failures="0" tests="1" name="GoogleHomePageTitle" time="0.016" errors="0" timestamp="1 Dec 2019 02:56:57 GMT">
  <testcase classname="GoogleHomePageTitle" name="verifyGooglePageTitle" time="0.016"/>
</testsuite> <!-- GoogleHomePageTitle -->
